12:20:31.763 [restartedMain] INFO  c.DataRockect.DataRockectApplication - Starting DataRockectApplication using Java 17.0.5 with PID 11434 (/home/miracle123/Desktop/Rohith/DataRockect/target/classes started by miracle123 in /home/miracle123/Desktop/Rohith/DataRockect)
12:20:31.763 [restartedMain] INFO  c.DataRockect.DataRockectApplication - No active profile set, falling back to 1 default profile: "default"
12:20:31.823 [restartedMain] INFO  o.s.d.r.c.RepositoryConfigurationDelegate - Bootstrapping Spring Data JDBC repositories in DEFAULT mode.
12:20:31.824 [restartedMain] INFO  o.s.d.r.c.RepositoryConfigurationDelegate - Finished Spring Data repository scanning in 0 ms. Found 0 JDBC repository interfaces.
12:20:31.903 [restartedMain] INFO  o.s.b.w.e.tomcat.TomcatWebServer - Tomcat initialized with port(s): 8080 (http)
12:20:31.903 [restartedMain] INFO  o.a.catalina.core.StandardService - Starting service [Tomcat]
12:20:31.903 [restartedMain] INFO  o.a.catalina.core.StandardEngine - Starting Servlet engine: [Apache Tomcat/10.1.16]
12:20:31.906 [restartedMain] INFO  o.a.c.c.C.[Tomcat].[localhost].[/] - Initializing Spring embedded WebApplicationContext
12:20:31.906 [restartedMain] INFO  o.s.b.w.s.c.ServletWebServerApplicationContext - Root WebApplicationContext: initialization completed in 142 ms
12:20:32.196 [restartedMain] INFO  com.zaxxer.hikari.HikariDataSource - HikariPool-8 - Starting...
12:20:32.204 [restartedMain] INFO  com.zaxxer.hikari.pool.HikariPool - HikariPool-8 - Added connection com.mysql.cj.jdbc.ConnectionImpl@7f79cff7
12:20:32.204 [restartedMain] INFO  com.zaxxer.hikari.HikariDataSource - HikariPool-8 - Start completed.
12:20:32.242 [restartedMain] INFO  o.s.b.d.a.OptionalLiveReloadServer - LiveReload server is running on port 35729
12:20:32.248 [restartedMain] INFO  o.s.b.w.e.tomcat.TomcatWebServer - Tomcat started on port(s): 8080 (http) with context path ''
12:20:32.251 [restartedMain] INFO  c.DataRockect.DataRockectApplication - Started DataRockectApplication in 0.499 seconds (process running for 228.041)
12:20:32.252 [restartedMain] INFO  o.s.b.d.a.ConditionEvaluationDeltaLoggingListener - Condition evaluation unchanged
12:20:56.697 [File Watcher] INFO  o.s.b.d.a.LocalDevToolsAutoConfiguration$RestartingClassPathChangeChangedEventListener - Restarting due to 1 class path change (0 additions, 0 deletions, 1 modification)
12:20:56.700 [Thread-33] INFO  o.a.catalina.core.StandardService - Stopping service [Tomcat]
12:20:56.707 [Thread-33] INFO  com.zaxxer.hikari.HikariDataSource - HikariPool-8 - Shutdown initiated...
12:20:56.714 [Thread-33] INFO  com.zaxxer.hikari.HikariDataSource - HikariPool-8 - Shutdown completed.
12:20:56.770 [restartedMain] INFO  c.DataRockect.DataRockectApplication - Starting DataRockectApplication using Java 17.0.5 with PID 11434 (/home/miracle123/Desktop/Rohith/DataRockect/target/classes started by miracle123 in /home/miracle123/Desktop/Rohith/DataRockect)
12:20:56.771 [restartedMain] INFO  c.DataRockect.DataRockectApplication - No active profile set, falling back to 1 default profile: "default"
12:20:56.831 [restartedMain] INFO  o.s.d.r.c.RepositoryConfigurationDelegate - Bootstrapping Spring Data JDBC repositories in DEFAULT mode.
12:20:56.832 [restartedMain] INFO  o.s.d.r.c.RepositoryConfigurationDelegate - Finished Spring Data repository scanning in 1 ms. Found 0 JDBC repository interfaces.
12:20:56.910 [restartedMain] INFO  o.s.b.w.e.tomcat.TomcatWebServer - Tomcat initialized with port(s): 8080 (http)
12:20:56.910 [restartedMain] INFO  o.a.catalina.core.StandardService - Starting service [Tomcat]
12:20:56.910 [restartedMain] INFO  o.a.catalina.core.StandardEngine - Starting Servlet engine: [Apache Tomcat/10.1.16]
12:20:56.913 [restartedMain] INFO  o.a.c.c.C.[Tomcat].[localhost].[/] - Initializing Spring embedded WebApplicationContext
12:20:56.913 [restartedMain] INFO  o.s.b.w.s.c.ServletWebServerApplicationContext - Root WebApplicationContext: initialization completed in 141 ms
12:20:57.207 [restartedMain] INFO  com.zaxxer.hikari.HikariDataSource - HikariPool-9 - Starting...
12:20:57.215 [restartedMain] INFO  com.zaxxer.hikari.pool.HikariPool - HikariPool-9 - Added connection com.mysql.cj.jdbc.ConnectionImpl@29a0aef6
12:20:57.215 [restartedMain] INFO  com.zaxxer.hikari.HikariDataSource - HikariPool-9 - Start completed.
12:20:57.255 [restartedMain] INFO  o.s.b.d.a.OptionalLiveReloadServer - LiveReload server is running on port 35729
12:20:57.262 [restartedMain] INFO  o.s.b.w.e.tomcat.TomcatWebServer - Tomcat started on port(s): 8080 (http) with context path ''
12:20:57.265 [restartedMain] INFO  c.DataRockect.DataRockectApplication - Started DataRockectApplication in 0.505 seconds (process running for 253.054)
12:20:57.265 [restartedMain] INFO  o.s.b.d.a.ConditionEvaluationDeltaLoggingListener - Condition evaluation unchanged
12:21:03.757 [restartedMain] INFO  c.DataRockect.DataRockectApplication - Starting DataRockectApplication using Java 17.0.5 with PID 11918 (/home/miracle123/Desktop/Rohith/DataRockect/target/classes started by miracle123 in /home/miracle123/Desktop/Rohith/DataRockect)
12:21:03.759 [restartedMain] INFO  c.DataRockect.DataRockectApplication - No active profile set, falling back to 1 default profile: "default"
12:21:03.788 [restartedMain] INFO  o.s.b.d.e.DevToolsPropertyDefaultsPostProcessor - Devtools property defaults active! Set 'spring.devtools.add-properties' to 'false' to disable
12:21:03.788 [restartedMain] INFO  o.s.b.d.e.DevToolsPropertyDefaultsPostProcessor - For additional web related logging consider setting the 'logging.level.web' property to 'DEBUG'
12:21:04.075 [restartedMain] INFO  o.s.d.r.c.RepositoryConfigurationDelegate - Bootstrapping Spring Data JDBC repositories in DEFAULT mode.
12:21:04.086 [restartedMain] INFO  o.s.d.r.c.RepositoryConfigurationDelegate - Finished Spring Data repository scanning in 9 ms. Found 0 JDBC repository interfaces.
12:21:04.491 [restartedMain] INFO  o.s.b.w.e.tomcat.TomcatWebServer - Tomcat initialized with port(s): 8080 (http)
12:21:04.496 [restartedMain] INFO  o.a.coyote.http11.Http11NioProtocol - Initializing ProtocolHandler ["http-nio-8080"]
12:21:04.497 [restartedMain] INFO  o.a.catalina.core.StandardService - Starting service [Tomcat]
12:21:04.497 [restartedMain] INFO  o.a.catalina.core.StandardEngine - Starting Servlet engine: [Apache Tomcat/10.1.16]
12:21:04.527 [restartedMain] INFO  o.a.c.c.C.[Tomcat].[localhost].[/] - Initializing Spring embedded WebApplicationContext
12:21:04.527 [restartedMain] INFO  o.s.b.w.s.c.ServletWebServerApplicationContext - Root WebApplicationContext: initialization completed in 739 ms
12:21:05.044 [restartedMain] INFO  com.zaxxer.hikari.HikariDataSource - HikariPool-1 - Starting...
12:21:05.223 [restartedMain] INFO  com.zaxxer.hikari.pool.HikariPool - HikariPool-1 - Added connection com.mysql.cj.jdbc.ConnectionImpl@277bcd49
12:21:05.228 [restartedMain] INFO  com.zaxxer.hikari.HikariDataSource - HikariPool-1 - Start completed.
12:21:05.321 [restartedMain] WARN  o.s.b.d.a.OptionalLiveReloadServer - Unable to start LiveReload server
12:21:05.332 [restartedMain] INFO  o.a.coyote.http11.Http11NioProtocol - Starting ProtocolHandler ["http-nio-8080"]
12:21:05.336 [restartedMain] WARN  o.s.b.w.s.c.AnnotationConfigServletWebServerApplicationContext - Exception encountered during context initialization - cancelling refresh attempt: org.springframework.context.ApplicationContextException: Failed to start bean 'webServerStartStop'
12:21:05.339 [restartedMain] INFO  com.zaxxer.hikari.HikariDataSource - HikariPool-1 - Shutdown initiated...
12:21:05.355 [restartedMain] INFO  com.zaxxer.hikari.HikariDataSource - HikariPool-1 - Shutdown completed.
12:21:05.359 [restartedMain] INFO  o.a.coyote.http11.Http11NioProtocol - Pausing ProtocolHandler ["http-nio-8080"]
12:21:05.359 [restartedMain] INFO  o.a.catalina.core.StandardService - Stopping service [Tomcat]
12:21:05.364 [restartedMain] INFO  o.a.coyote.http11.Http11NioProtocol - Stopping ProtocolHandler ["http-nio-8080"]
12:21:05.365 [restartedMain] INFO  o.a.coyote.http11.Http11NioProtocol - Destroying ProtocolHandler ["http-nio-8080"]
12:21:05.373 [restartedMain] INFO  o.s.b.a.l.ConditionEvaluationReportLogger - 

Error starting ApplicationContext. To display the condition evaluation report re-run your application with 'debug' enabled.
12:21:05.386 [restartedMain] ERROR o.s.b.d.LoggingFailureAnalysisReporter - 

***************************
APPLICATION FAILED TO START
***************************

Description:

Web server failed to start. Port 8080 was already in use.

Action:

Identify and stop the process that's listening on port 8080 or configure this application to listen on another port.

12:21:07.193 [RMI TCP Connection(9)-127.0.0.1] INFO  o.s.b.a.SpringApplicationAdminMXBeanRegistrar$SpringApplicationAdmin - Application shutdown requested.
12:21:07.194 [RMI TCP Connection(9)-127.0.0.1] INFO  o.a.catalina.core.StandardService - Stopping service [Tomcat]
12:21:07.196 [RMI TCP Connection(9)-127.0.0.1] INFO  com.zaxxer.hikari.HikariDataSource - HikariPool-9 - Shutdown initiated...
12:21:07.198 [RMI TCP Connection(9)-127.0.0.1] INFO  com.zaxxer.hikari.HikariDataSource - HikariPool-9 - Shutdown completed.
12:21:08.338 [restartedMain] INFO  c.DataRockect.DataRockectApplication - Starting DataRockectApplication using Java 17.0.5 with PID 11988 (/home/miracle123/Desktop/Rohith/DataRockect/target/classes started by miracle123 in /home/miracle123/Desktop/Rohith/DataRockect)
12:21:08.340 [restartedMain] INFO  c.DataRockect.DataRockectApplication - No active profile set, falling back to 1 default profile: "default"
12:21:08.372 [restartedMain] INFO  o.s.b.d.e.DevToolsPropertyDefaultsPostProcessor - Devtools property defaults active! Set 'spring.devtools.add-properties' to 'false' to disable
12:21:08.372 [restartedMain] INFO  o.s.b.d.e.DevToolsPropertyDefaultsPostProcessor - For additional web related logging consider setting the 'logging.level.web' property to 'DEBUG'
12:21:08.674 [restartedMain] INFO  o.s.d.r.c.RepositoryConfigurationDelegate - Bootstrapping Spring Data JDBC repositories in DEFAULT mode.
12:21:08.687 [restartedMain] INFO  o.s.d.r.c.RepositoryConfigurationDelegate - Finished Spring Data repository scanning in 9 ms. Found 0 JDBC repository interfaces.
12:21:09.125 [restartedMain] INFO  o.s.b.w.e.tomcat.TomcatWebServer - Tomcat initialized with port(s): 8080 (http)
12:21:09.129 [restartedMain] INFO  o.a.coyote.http11.Http11NioProtocol - Initializing ProtocolHandler ["http-nio-8080"]
12:21:09.134 [restartedMain] INFO  o.a.catalina.core.StandardService - Starting service [Tomcat]
12:21:09.134 [restartedMain] INFO  o.a.catalina.core.StandardEngine - Starting Servlet engine: [Apache Tomcat/10.1.16]
12:21:09.165 [restartedMain] INFO  o.a.c.c.C.[Tomcat].[localhost].[/] - Initializing Spring embedded WebApplicationContext
12:21:09.166 [restartedMain] INFO  o.s.b.w.s.c.ServletWebServerApplicationContext - Root WebApplicationContext: initialization completed in 792 ms
12:21:09.733 [restartedMain] INFO  com.zaxxer.hikari.HikariDataSource - HikariPool-1 - Starting...
12:21:09.915 [restartedMain] INFO  com.zaxxer.hikari.pool.HikariPool - HikariPool-1 - Added connection com.mysql.cj.jdbc.ConnectionImpl@50e09ad8
12:21:09.916 [restartedMain] INFO  com.zaxxer.hikari.HikariDataSource - HikariPool-1 - Start completed.
12:21:10.012 [restartedMain] INFO  o.s.b.d.a.OptionalLiveReloadServer - LiveReload server is running on port 35729
12:21:10.025 [restartedMain] INFO  o.a.coyote.http11.Http11NioProtocol - Starting ProtocolHandler ["http-nio-8080"]
12:21:10.033 [restartedMain] INFO  o.s.b.w.e.tomcat.TomcatWebServer - Tomcat started on port(s): 8080 (http) with context path ''
12:21:10.039 [restartedMain] INFO  c.DataRockect.DataRockectApplication - Started DataRockectApplication in 1.889 seconds (process running for 2.344)
12:22:02.475 [RMI TCP Connection(4)-127.0.0.1] INFO  o.s.b.a.SpringApplicationAdminMXBeanRegistrar$SpringApplicationAdmin - Application shutdown requested.
12:22:02.478 [RMI TCP Connection(4)-127.0.0.1] INFO  o.a.coyote.http11.Http11NioProtocol - Pausing ProtocolHandler ["http-nio-8080"]
12:22:02.478 [RMI TCP Connection(4)-127.0.0.1] INFO  o.a.catalina.core.StandardService - Stopping service [Tomcat]
12:22:02.480 [RMI TCP Connection(4)-127.0.0.1] INFO  o.a.coyote.http11.Http11NioProtocol - Stopping ProtocolHandler ["http-nio-8080"]
12:22:02.483 [RMI TCP Connection(4)-127.0.0.1] INFO  com.zaxxer.hikari.HikariDataSource - HikariPool-1 - Shutdown initiated...
12:22:02.487 [RMI TCP Connection(4)-127.0.0.1] INFO  com.zaxxer.hikari.HikariDataSource - HikariPool-1 - Shutdown completed.
12:24:07.133 [restartedMain] INFO  c.DataRockect.DataRockectApplication - Starting DataRockectApplication using Java 17.0.5 with PID 12783 (/home/miracle123/Desktop/Rohith/DataRockect/target/classes started by miracle123 in /home/miracle123/Desktop/Rohith/DataRockect)
12:24:07.136 [restartedMain] INFO  c.DataRockect.DataRockectApplication - No active profile set, falling back to 1 default profile: "default"
12:24:07.169 [restartedMain] INFO  o.s.b.d.e.DevToolsPropertyDefaultsPostProcessor - Devtools property defaults active! Set 'spring.devtools.add-properties' to 'false' to disable
12:24:07.169 [restartedMain] INFO  o.s.b.d.e.DevToolsPropertyDefaultsPostProcessor - For additional web related logging consider setting the 'logging.level.web' property to 'DEBUG'
12:24:07.468 [restartedMain] INFO  o.s.d.r.c.RepositoryConfigurationDelegate - Bootstrapping Spring Data JDBC repositories in DEFAULT mode.
12:24:07.480 [restartedMain] INFO  o.s.d.r.c.RepositoryConfigurationDelegate - Finished Spring Data repository scanning in 9 ms. Found 0 JDBC repository interfaces.
12:24:07.895 [restartedMain] INFO  o.s.b.w.e.tomcat.TomcatWebServer - Tomcat initialized with port(s): 8080 (http)
12:24:07.903 [restartedMain] INFO  o.a.coyote.http11.Http11NioProtocol - Initializing ProtocolHandler ["http-nio-8080"]
12:24:07.905 [restartedMain] INFO  o.a.catalina.core.StandardService - Starting service [Tomcat]
12:24:07.905 [restartedMain] INFO  o.a.catalina.core.StandardEngine - Starting Servlet engine: [Apache Tomcat/10.1.16]
12:24:07.934 [restartedMain] INFO  o.a.c.c.C.[Tomcat].[localhost].[/] - Initializing Spring embedded WebApplicationContext
12:24:07.935 [restartedMain] INFO  o.s.b.w.s.c.ServletWebServerApplicationContext - Root WebApplicationContext: initialization completed in 766 ms
12:24:08.457 [restartedMain] INFO  com.zaxxer.hikari.HikariDataSource - HikariPool-1 - Starting...
12:24:08.631 [restartedMain] INFO  com.zaxxer.hikari.pool.HikariPool - HikariPool-1 - Added connection com.mysql.cj.jdbc.ConnectionImpl@37d77749
12:24:08.632 [restartedMain] INFO  com.zaxxer.hikari.HikariDataSource - HikariPool-1 - Start completed.
12:24:08.739 [restartedMain] INFO  o.s.b.d.a.OptionalLiveReloadServer - LiveReload server is running on port 35729
12:24:08.752 [restartedMain] INFO  o.a.coyote.http11.Http11NioProtocol - Starting ProtocolHandler ["http-nio-8080"]
12:24:08.760 [restartedMain] INFO  o.s.b.w.e.tomcat.TomcatWebServer - Tomcat started on port(s): 8080 (http) with context path ''
12:24:08.768 [restartedMain] INFO  c.DataRockect.DataRockectApplication - Started DataRockectApplication in 1.819 seconds (process running for 2.361)
12:24:22.003 [http-nio-8080-exec-1] INFO  o.a.c.c.C.[Tomcat].[localhost].[/] - Initializing Spring DispatcherServlet 'dispatcherServlet'
12:24:22.003 [http-nio-8080-exec-1] INFO  o.s.web.servlet.DispatcherServlet - Initializing Servlet 'dispatcherServlet'
12:24:22.004 [http-nio-8080-exec-1] INFO  o.s.web.servlet.DispatcherServlet - Completed initialization in 1 ms
12:24:22.171 [http-nio-8080-exec-1] DEBUG com.DataRockect.advice.Logging - Exiting method with result: {Info =employHiring inserted}
12:24:22.173 [http-nio-8080-exec-1] DEBUG com.DataRockect.advice.Logging - Entered to logMethodEntry method
12:24:22.173 [http-nio-8080-exec-1] DEBUG com.DataRockect.advice.Logging - Exiting method with result: {Info =employHiring inserted}
12:24:22.173 [http-nio-8080-exec-1] DEBUG com.DataRockect.advice.Logging - Entered to logMethodEntry method
12:34:30.533 [File Watcher] INFO  o.s.b.d.a.LocalDevToolsAutoConfiguration$RestartingClassPathChangeChangedEventListener - Restarting due to 1 class path change (0 additions, 0 deletions, 1 modification)
12:34:30.535 [Thread-5] INFO  o.a.coyote.http11.Http11NioProtocol - Pausing ProtocolHandler ["http-nio-8080"]
12:34:30.535 [Thread-5] INFO  o.a.catalina.core.StandardService - Stopping service [Tomcat]
12:34:30.536 [Thread-5] INFO  o.a.c.c.C.[Tomcat].[localhost].[/] - Destroying Spring FrameworkServlet 'dispatcherServlet'
12:34:30.538 [Thread-5] INFO  o.a.coyote.http11.Http11NioProtocol - Stopping ProtocolHandler ["http-nio-8080"]
12:34:30.539 [Thread-5] INFO  o.a.coyote.http11.Http11NioProtocol - Destroying ProtocolHandler ["http-nio-8080"]
12:34:30.541 [Thread-5] INFO  com.zaxxer.hikari.HikariDataSource - HikariPool-1 - Shutdown initiated...
12:34:30.545 [Thread-5] INFO  com.zaxxer.hikari.HikariDataSource - HikariPool-1 - Shutdown completed.
